<?xml version="1.0" encoding="UTF-8"?>
<testng-results ignored="0" total="1" passed="1" failed="0" skipped="0">
  <reporter-output>
  </reporter-output>
  <suite started-at="2023-11-06T11:52:40Z" name="Default suite" finished-at="2023-11-06T11:53:02Z" duration-ms="21786">
    <groups>
    </groups>
    <test started-at="2023-11-06T11:52:40Z" name="Default test" finished-at="2023-11-06T11:53:02Z" duration-ms="21786">
      <class name="com.ucc.MobileAppTesting.BaseClass">
        <test-method signature="configureAppium()[pri:0, instance:com.ucc.MobileAppTesting.BaseClass@3ba987b8]" started-at="2023-11-06T17:22:40Z" name="configureAppium" finished-at="2023-11-06T17:23:02Z" duration-ms="21760" status="PASS">
          <reporter-output>
          </reporter-output>
        </test-method> <!-- configureAppium -->
      </class> <!-- com.ucc.MobileAppTesting.BaseClass -->
    </test> <!-- Default test -->
  </suite> <!-- Default suite -->
</testng-results>
